This is pdfTeX, Version 3.14159265-2.6-1.40.18 (TeX Live 2017) (preloaded format=pdflatex 2018.3.18)  1 APR 2018 12:19
entering extended mode
 restricted \write18 enabled.
 file:line:error style messages enabled.
 %&-line parsing enabled.
**part1.tex
(./part1.tex
LaTeX2e <2017-04-15>
Babel <3.10> and hyphenation patterns for 22 language(s) loaded.

./part1.tex:1: LaTeX Error: Missing \begin{document}.

See the LaTeX manual or LaTeX Companion for explanation.
Type  H <return>  for immediate help.
 ...                                              
                                                  
l.1 \begin{flushright}
                      
You're in trouble here.  Try typing  <return>  to proceed.
If that doesn't work, type  X <return>  to quit.


Overfull \hbox (20.0pt too wide) in paragraph at lines 1--1
[] 
 []

./part1.tex:2: Undefined control sequence.
l.2   \small
            {
The control sequence at the end of the top line
of your error message was never \def'ed. If you have
misspelled it (e.g., `\hobx'), type `I' and the correct
spelling (e.g., `I\hbox'). Otherwise just continue,
and I'll forget about whatever was undefined.


Overfull \hbox (8.21107pt too wide) in paragraph at lines 9--9
 \OT1/cmr/m/it/10 ``.
 []


Overfull \hbox (3.06665pt too wide) in paragraph at lines 9--9
 \OT1/cmr/m/it/10 .
 []


Overfull \hbox (3.06665pt too wide) in paragraph at lines 9--9
 \OT1/cmr/m/it/10 .
 []


Overfull \hbox (13.03323pt too wide) in paragraph at lines 9--9
 \OT1/cmr/m/it/10 the
 []


Overfull \hbox (15.84435pt too wide) in paragraph at lines 9--9
 \OT1/cmr/m/it/10 his-
 []


Overfull \hbox (17.50542pt too wide) in paragraph at lines 9--9
 \OT1/cmr/m/it/10 tory
 []


Overfull \hbox (8.17773pt too wide) in paragraph at lines 9--9
 \OT1/cmr/m/it/10 of
 []


Overfull \hbox (37.94972pt too wide) in paragraph at lines 9--9
 \OT1/cmr/m/it/10 rammed-
 []


Overfull \hbox (21.84982pt too wide) in paragraph at lines 9--9
 \OT1/cmr/m/it/10 earth
 []


Overfull \hbox (15.84436pt too wide) in paragraph at lines 9--9
 \OT1/cmr/m/it/10 and
 []


Overfull \hbox (13.03323pt too wide) in paragraph at lines 9--9
 \OT1/cmr/m/it/10 the
 []


Overfull \hbox (18.39986pt too wide) in paragraph at lines 9--9
 \OT1/cmr/m/it/10 con-
 []


Overfull \hbox (19.67763pt too wide) in paragraph at lines 9--9
 \OT1/cmr/m/it/10 tem-
 []


Overfull \hbox (13.28879pt too wide) in paragraph at lines 9--9
 \OT1/cmr/m/it/10 po-
 []


Overfull \hbox (17.88873pt too wide) in paragraph at lines 9--9
 \OT1/cmr/m/it/10 rary
 []


Overfull \hbox (12.81657pt too wide) in paragraph at lines 9--9
 \OT1/cmr/m/it/10 ex-
 []


Overfull \hbox (12.77766pt too wide) in paragraph at lines 9--9
 \OT1/cmr/m/it/10 pe-
 []


Overfull \hbox (10.86102pt too wide) in paragraph at lines 9--9
 \OT1/cmr/m/it/10 ri-
 []


Overfull \hbox (18.91095pt too wide) in paragraph at lines 9--9
 \OT1/cmr/m/it/10 ence
 []


Overfull \hbox (8.17773pt too wide) in paragraph at lines 9--9
 \OT1/cmr/m/it/10 of
 []


Overfull \hbox (13.03323pt too wide) in paragraph at lines 9--9
 \OT1/cmr/m/it/10 the
 []


Overfull \hbox (12.81657pt too wide) in paragraph at lines 9--9
 \OT1/cmr/m/it/10 ex-
 []


Overfull \hbox (16.9943pt too wide) in paragraph at lines 9--9
 \OT1/cmr/m/it/10 per-
 []


Overfull \hbox (6.6444pt too wide) in paragraph at lines 9--9
 \OT1/cmr/m/it/10 i-
 []


Overfull \hbox (34.62753pt too wide) in paragraph at lines 9--9
 \OT1/cmr/m/it/10 menters
 []


Overfull \hbox (15.33325pt too wide) in paragraph at lines 9--9
 \OT1/cmr/m/it/10 will
 []


Overfull \hbox (17.8888pt too wide) in paragraph at lines 9--9
 \OT1/cmr/m/it/10 hold
 []


Overfull \hbox (5.11108pt too wide) in paragraph at lines 9--9
 \OT1/cmr/m/it/10 a
 []


Overfull \hbox (20.82758pt too wide) in paragraph at lines 9--9
 \OT1/cmr/m/it/10 great
 []


Overfull \hbox (22.23318pt too wide) in paragraph at lines 9--9
 \OT1/cmr/m/it/10 value
 []


Overfull \hbox (8.43327pt too wide) in paragraph at lines 9--9
 \OT1/cmr/m/it/10 to
 []


Overfull \hbox (13.03323pt too wide) in paragraph at lines 9--9
 \OT1/cmr/m/it/10 the
 []


Overfull \hbox (29.51646pt too wide) in paragraph at lines 9--9
 \OT1/cmr/m/it/10 builder
 []


Overfull \hbox (14.56657pt too wide) in paragraph at lines 9--9
 \OT1/cmr/m/it/10 un-
 []


Overfull \hbox (8.94438pt too wide) in paragraph at lines 9--9
 \OT1/cmr/m/it/10 til
 []


Overfull \hbox (13.03323pt too wide) in paragraph at lines 9--9
 \OT1/cmr/m/it/10 the
 []


Overfull \hbox (16.86656pt too wide) in paragraph at lines 9--9
 \OT1/cmr/m/it/10 ma-
 []


Overfull \hbox (11.4999pt too wide) in paragraph at lines 9--9
 \OT1/cmr/m/it/10 te-
 []


Overfull \hbox (14.9499pt too wide) in paragraph at lines 9--9
 \OT1/cmr/m/it/10 rial
 []


Overfull \hbox (13.7999pt too wide) in paragraph at lines 9--9
 \OT1/cmr/m/it/10 en-
 []


Overfull \hbox (17.12212pt too wide) in paragraph at lines 9--9
 \OT1/cmr/m/it/10 joys
 []


Overfull \hbox (13.03323pt too wide) in paragraph at lines 9--9
 \OT1/cmr/m/it/10 the
 []


Overfull \hbox (21.97765pt too wide) in paragraph at lines 9--9
 \OT1/cmr/m/it/10 same
 []


Overfull \hbox (20.9554pt too wide) in paragraph at lines 9--9
 \OT1/cmr/m/it/10 com-
 []


Overfull \hbox (22.48875pt too wide) in paragraph at lines 9--9
 \OT1/cmr/m/it/10 mon-
 []


Overfull \hbox (21.4665pt too wide) in paragraph at lines 9--9
 \OT1/cmr/m/it/10 place
 []


Overfull \hbox (12.26657pt too wide) in paragraph at lines 9--9
 \OT1/cmr/m/it/10 se-
 []


Overfull \hbox (13.54434pt too wide) in paragraph at lines 9--9
 \OT1/cmr/m/it/10 cu-
 []


Overfull \hbox (15.46098pt too wide) in paragraph at lines 9--9
 \OT1/cmr/m/it/10 rity
 []


Overfull \hbox (8.17773pt too wide) in paragraph at lines 9--9
 \OT1/cmr/m/it/10 of
 []


Overfull \hbox (13.03323pt too wide) in paragraph at lines 9--9
 \OT1/cmr/m/it/10 the
 []


Overfull \hbox (20.69984pt too wide) in paragraph at lines 9--9
 \OT1/cmr/m/it/10 clay-
 []


Overfull \hbox (18.52762pt too wide) in paragraph at lines 9--9
 \OT1/cmr/m/it/10 fired
 []


Overfull \hbox (24.14981pt too wide) in paragraph at lines 9--9
 \OT1/cmr/m/it/10 brick,
 []


Overfull \hbox (5.11108pt too wide) in paragraph at lines 9--9
 \OT1/cmr/m/it/10 a
 []


Overfull \hbox (24.27762pt too wide) in paragraph at lines 9--9
 \OT1/cmr/m/it/10 build-
 []


Overfull \hbox (13.2888pt too wide) in paragraph at lines 9--9
 \OT1/cmr/m/it/10 ing
 []


Overfull \hbox (17.37767pt too wide) in paragraph at lines 9--9
 \OT1/cmr/m/it/10 unit
 []


Overfull \hbox (24.53319pt too wide) in paragraph at lines 9--9
 \OT1/cmr/m/it/10 which
 []


Overfull \hbox (10.73328pt too wide) in paragraph at lines 9--9
 \OT1/cmr/m/it/10 no
 []


Overfull \hbox (16.86656pt too wide) in paragraph at lines 9--9
 \OT1/cmr/m/it/10 am-
 []


Overfull \hbox (8.68883pt too wide) in paragraph at lines 9--9
 \OT1/cmr/m/it/10 a-
 []


Overfull \hbox (17.50542pt too wide) in paragraph at lines 9--9
 \OT1/cmr/m/it/10 teur
 []


Overfull \hbox (22.23317pt too wide) in paragraph at lines 9--9
 \OT1/cmr/m/it/10 ques-
 []


Overfull \hbox (21.21098pt too wide) in paragraph at lines 9--9
 \OT1/cmr/m/it/10 tions
 []


Overfull \hbox (13.28879pt too wide) in paragraph at lines 9--9
 \OT1/cmr/m/it/10 but
 []


Overfull \hbox (24.53319pt too wide) in paragraph at lines 9--9
 \OT1/cmr/m/it/10 which
 []


Overfull \hbox (7.15552pt too wide) in paragraph at lines 9--9
 \OT1/cmr/m/it/10 is
 []


Overfull \hbox (12.39436pt too wide) in paragraph at lines 9--9
 \OT1/cmr/m/it/10 far
 []


Overfull \hbox (21.59428pt too wide) in paragraph at lines 9--9
 \OT1/cmr/m/it/10 more
 []


Overfull \hbox (16.09988pt too wide) in paragraph at lines 9--9
 \OT1/cmr/m/it/10 vul-
 []


Overfull \hbox (18.01653pt too wide) in paragraph at lines 9--9
 \OT1/cmr/m/it/10 ner-
 []


Overfull \hbox (8.68883pt too wide) in paragraph at lines 9--9
 \OT1/cmr/m/it/10 a-
 []


Overfull \hbox (11.75546pt too wide) in paragraph at lines 9--9
 \OT1/cmr/m/it/10 ble
 []


Overfull \hbox (8.43327pt too wide) in paragraph at lines 9--9
 \OT1/cmr/m/it/10 to
 []


Overfull \hbox (24.27762pt too wide) in paragraph at lines 9--9
 \OT1/cmr/m/it/10 faulty
 []


Overfull \hbox (22.48875pt too wide) in paragraph at lines 9--9
 \OT1/cmr/m/it/10 man-
 []


Overfull \hbox (8.94438pt too wide) in paragraph at lines 9--9
 \OT1/cmr/m/it/10 u-
 []


Overfull \hbox (16.35544pt too wide) in paragraph at lines 9--9
 \OT1/cmr/m/it/10 fac-
 []


Overfull \hbox (16.9943pt too wide) in paragraph at lines 9--9
 \OT1/cmr/m/it/10 ture
 []


Overfull \hbox (15.84436pt too wide) in paragraph at lines 9--9
 \OT1/cmr/m/it/10 and
 []


Overfull \hbox (12.26659pt too wide) in paragraph at lines 9--9
 \OT1/cmr/m/it/10 in-
 []


Overfull \hbox (12.81657pt too wide) in paragraph at lines 9--9
 \OT1/cmr/m/it/10 ex-
 []


Overfull \hbox (16.73874pt too wide) in paragraph at lines 9--9
 \OT1/cmr/m/it/10 pert
 []


Overfull \hbox (19.4221pt too wide) in paragraph at lines 9--9
 \OT1/cmr/m/it/10 han-
 []


Overfull \hbox (21.46654pt too wide) in paragraph at lines 9--9
 \OT1/cmr/m/it/10 dling
 []


Overfull \hbox (19.16655pt too wide) in paragraph at lines 9--9
 \OT1/cmr/m/it/10 than
 []


Overfull \hbox (37.94972pt too wide) in paragraph at lines 9--9
 \OT1/cmr/m/it/10 rammed-
 []


Overfull \hbox (21.84982pt too wide) in paragraph at lines 9--9
 \OT1/cmr/m/it/10 earth
 []


Overfull \hbox (22.23318pt too wide) in paragraph at lines 9--9
 \OT1/cmr/m/it/10 could
 []


Overfull \hbox (18.01651pt too wide) in paragraph at lines 9--9
 \OT1/cmr/m/it/10 ever
 []


Overfull \hbox (17.37766pt too wide) in paragraph at lines 9--9
 \OT1/cmr/m/it/10 pos-
 []


Overfull \hbox (10.73326pt too wide) in paragraph at lines 9--9
 \OT1/cmr/m/it/10 si-
 []


Overfull \hbox (12.01102pt too wide) in paragraph at lines 9--9
 \OT1/cmr/m/it/10 bly
 []


Overfull \hbox (17.596pt too wide) in paragraph at lines 9--9
 \OT1/cmr/m/it/10 be."
 []

Missing character: There is no - in font nullfont!
Missing character: There is no - in font nullfont!
Missing character: There is no - in font nullfont!
Missing character: There is no A in font nullfont!
Missing character: There is no n in font nullfont!
Missing character: There is no t in font nullfont!
Missing character: There is no h in font nullfont!
Missing character: There is no o in font nullfont!
Missing character: There is no n in font nullfont!
Missing character: There is no y in font nullfont!
Missing character: There is no F in font nullfont!
Missing character: There is no . in font nullfont!
Missing character: There is no M in font nullfont!
Missing character: There is no e in font nullfont!
Missing character: There is no r in font nullfont!
Missing character: There is no r in font nullfont!
Missing character: There is no i in font nullfont!
Missing character: There is no l in font nullfont!
Missing character: There is no l in font nullfont!
Missing character: There is no , in font nullfont!
Missing character: There is no . in font nullfont!
Missing character: There is no 1 in font nullfont!
Missing character: There is no 9 in font nullfont!
Missing character: There is no 4 in font nullfont!
Missing character: There is no 7 in font nullfont!
Missing character: There is no . in font nullfont!

Overfull \hbox (16.86655pt too wide) in paragraph at lines 10--11
 \OT1/cmr/m/it/10 The
 []


Overfull \hbox (41.0275pt too wide) in paragraph at lines 10--11
 \OT1/cmr/m/it/10 Rammed-
 []


Overfull \hbox (24.54428pt too wide) in paragraph at lines 10--11
 \OT1/cmr/m/it/10 Earth
 []


Overfull \hbox (26.59984pt too wide) in paragraph at lines 10--11
 \OT1/cmr/m/it/10 House
 []

Missing character: There is no T in font nullfont!
Missing character: There is no h in font nullfont!
Missing character: There is no e in font nullfont!
Missing character: There is no r in font nullfont!
Missing character: There is no a in font nullfont!
Missing character: There is no m in font nullfont!
Missing character: There is no m in font nullfont!
Missing character: There is no e in font nullfont!
Missing character: There is no d in font nullfont!
Missing character: There is no - in font nullfont!
Missing character: There is no e in font nullfont!
Missing character: There is no a in font nullfont!
Missing character: There is no r in font nullfont!
Missing character: There is no t in font nullfont!
Missing character: There is no h in font nullfont!
Missing character: There is no b in font nullfont!
Missing character: There is no u in font nullfont!
Missing character: There is no i in font nullfont!
Missing character: There is no l in font nullfont!
Missing character: There is no d in font nullfont!
Missing character: There is no i in font nullfont!
Missing character: There is no n in font nullfont!
Missing character: There is no g in font nullfont!
Missing character: There is no m in font nullfont!
Missing character: There is no a in font nullfont!
Missing character: There is no t in font nullfont!
Missing character: There is no e in font nullfont!
Missing character: There is no r in font nullfont!
Missing character: There is no i in font nullfont!
Missing character: There is no a in font nullfont!
Missing character: There is no l in font nullfont!
Missing character: There is no h in font nullfont!
Missing character: There is no a in font nullfont!
Missing character: There is no s in font nullfont!
Missing character: There is no b in font nullfont!
Missing character: There is no e in font nullfont!
Missing character: There is no e in font nullfont!
Missing character: There is no n in font nullfont!
Missing character: There is no g in font nullfont!
Missing character: There is no a in font nullfont!
Missing character: There is no t in font nullfont!
Missing character: There is no h in font nullfont!
Missing character: There is no e in font nullfont!
Missing character: There is no r in font nullfont!
Missing character: There is no i in font nullfont!
Missing character: There is no n in font nullfont!
Missing character: There is no g in font nullfont!
Missing character: There is no a in font nullfont!
Missing character: There is no c in font nullfont!
Missing character: There is no o in font nullfont!
Missing character: There is no n in font nullfont!
Missing character: There is no t in font nullfont!
Missing character: There is no e in font nullfont!
Missing character: There is no m in font nullfont!
Missing character: There is no p in font nullfont!
Missing character: There is no o in font nullfont!
Missing character: There is no r in font nullfont!
Missing character: There is no a in font nullfont!
Missing character: There is no r in font nullfont!
Missing character: There is no y in font nullfont!
Missing character: There is no w in font nullfont!
Missing character: There is no a in font nullfont!
Missing character: There is no v in font nullfont!
Missing character: There is no e in font nullfont!
Missing character: There is no o in font nullfont!
Missing character: There is no f in font nullfont!
Missing character: There is no m in font nullfont!
Missing character: There is no o in font nullfont!
Missing character: There is no d in font nullfont!
Missing character: There is no e in font nullfont!
Missing character: There is no r in font nullfont!
Missing character: There is no n in font nullfont!
Missing character: There is no s in font nullfont!
Missing character: There is no c in font nullfont!
Missing character: There is no i in font nullfont!
Missing character: There is no e in font nullfont!
Missing character: There is no n in font nullfont!
Missing character: There is no t in font nullfont!
Missing character: There is no i in font nullfont!
Missing character: There is no f in font nullfont!
Missing character: There is no i in font nullfont!
Missing character: There is no c in font nullfont!
Missing character: There is no , in font nullfont!
Missing character: There is no t in font nullfont!
Missing character: There is no e in font nullfont!
Missing character: There is no c in font nullfont!
Missing character: There is no h in font nullfont!
Missing character: There is no n in font nullfont!
Missing character: There is no o in font nullfont!
Missing character: There is no l in font nullfont!
Missing character: There is no o in font nullfont!
Missing character: There is no g in font nullfont!
Missing character: There is no i in font nullfont!
Missing character: There is no c in font nullfont!
Missing character: There is no a in font nullfont!
Missing character: There is no l in font nullfont!
Missing character: There is no , in font nullfont!
Missing character: There is no a in font nullfont!
Missing character: There is no n in font nullfont!
Missing character: There is no d in font nullfont!
Missing character: There is no a in font nullfont!
Missing character: There is no r in font nullfont!
Missing character: There is no c in font nullfont!
Missing character: There is no h in font nullfont!
Missing character: There is no i in font nullfont!
Missing character: There is no t in font nullfont!
Missing character: There is no e in font nullfont!
Missing character: There is no c in font nullfont!
Missing character: There is no t in font nullfont!
Missing character: There is no u in font nullfont!
Missing character: There is no r in font nullfont!
Missing character: There is no a in font nullfont!
Missing character: There is no l in font nullfont!
Missing character: There is no i in font nullfont!
Missing character: There is no n in font nullfont!
Missing character: There is no s in font nullfont!
Missing character: There is no p in font nullfont!
Missing character: There is no i in font nullfont!
Missing character: There is no r in font nullfont!
Missing character: There is no a in font nullfont!
Missing character: There is no t in font nullfont!
Missing character: There is no i in font nullfont!
Missing character: There is no o in font nullfont!
Missing character: There is no n in font nullfont!
Missing character: There is no s in font nullfont!
Missing character: There is no g in font nullfont!
Missing character: There is no l in font nullfont!
Missing character: There is no o in font nullfont!
Missing character: There is no b in font nullfont!
Missing character: There is no a in font nullfont!
Missing character: There is no l in font nullfont!
Missing character: There is no l in font nullfont!
Missing character: There is no y in font nullfont!
Missing character: There is no . in font nullfont!
Missing character: There is no P in font nullfont!
Missing character: There is no a in font nullfont!
Missing character: There is no r in font nullfont!
Missing character: There is no t in font nullfont!
Missing character: There is no i in font nullfont!
Missing character: There is no c in font nullfont!
Missing character: There is no u in font nullfont!
Missing character: There is no l in font nullfont!
Missing character: There is no a in font nullfont!
Missing character: There is no r in font nullfont!
Missing character: There is no g in font nullfont!
Missing character: There is no e in font nullfont!
Missing character: There is no o in font nullfont!
Missing character: There is no g in font nullfont!
Missing character: There is no r in font nullfont!
Missing character: There is no a in font nullfont!
Missing character: There is no p in font nullfont!
Missing character: There is no h in font nullfont!
Missing character: There is no i in font nullfont!
Missing character: There is no c in font nullfont!
Missing character: There is no d in font nullfont!
Missing character: There is no o in font nullfont!
Missing character: There is no m in font nullfont!
Missing character: There is no a in font nullfont!
Missing character: There is no i in font nullfont!
Missing character: There is no n in font nullfont!
Missing character: There is no s in font nullfont!
Missing character: There is no , in font nullfont!
Missing character: There is no f in font nullfont!
Missing character: There is no o in font nullfont!
Missing character: There is no r in font nullfont!
Missing character: There is no i in font nullfont!
Missing character: There is no n in font nullfont!
Missing character: There is no s in font nullfont!
Missing character: There is no t in font nullfont!
Missing character: There is no a in font nullfont!
Missing character: There is no n in font nullfont!
Missing character: There is no c in font nullfont!
Missing character: There is no e in font nullfont!
Missing character: There is no : in font nullfont!
Missing character: There is no C in font nullfont!
Missing character: There is no h in font nullfont!
Missing character: There is no i in font nullfont!
Missing character: There is no n in font nullfont!
Missing character: There is no a in font nullfont!
Missing character: There is no , in font nullfont!
Missing character: There is no t in font nullfont!
Missing character: There is no h in font nullfont!
Missing character: There is no e in font nullfont!
Missing character: There is no M in font nullfont!
Missing character: There is no i in font nullfont!
Missing character: There is no d in font nullfont!
Missing character: There is no d in font nullfont!
Missing character: There is no l in font nullfont!
Missing character: There is no e in font nullfont!
Missing character: There is no E in font nullfont!
Missing character: There is no a in font nullfont!
Missing character: There is no s in font nullfont!
Missing character: There is no t in font nullfont!
Missing character: There is no , in font nullfont!
Missing character: There is no a in font nullfont!
Missing character: There is no n in font nullfont!
Missing character: There is no d in font nullfont!
Missing character: There is no A in font nullfont!
Missing character: There is no f in font nullfont!
Missing character: There is no r in font nullfont!
Missing character: There is no i in font nullfont!
Missing character: There is no c in font nullfont!
Missing character: There is no a in font nullfont!
Missing character: There is no , in font nullfont!
Missing character: There is no h in font nullfont!
Missing character: There is no a in font nullfont!
Missing character: There is no v in font nullfont!
Missing character: There is no e in font nullfont!
Missing character: There is no v in font nullfont!
Missing character: There is no e in font nullfont!
Missing character: There is no r in font nullfont!
Missing character: There is no i in font nullfont!
Missing character: There is no t in font nullfont!
Missing character: There is no a in font nullfont!
Missing character: There is no b in font nullfont!
Missing character: There is no l in font nullfont!
Missing character: There is no y in font nullfont!
Missing character: There is no a in font nullfont!
Missing character: There is no n in font nullfont!
Missing character: There is no c in font nullfont!
Missing character: There is no i in font nullfont!
Missing character: There is no e in font nullfont!
Missing character: There is no n in font nullfont!
Missing character: There is no t in font nullfont!
Missing character: There is no a in font nullfont!
Missing character: There is no r in font nullfont!
Missing character: There is no c in font nullfont!
Missing character: There is no h in font nullfont!
Missing character: There is no a in font nullfont!
Missing character: There is no e in font nullfont!
Missing character: There is no o in font nullfont!
Missing character: There is no l in font nullfont!
Missing character: There is no o in font nullfont!
Missing character: There is no g in font nullfont!
Missing character: There is no i in font nullfont!
Missing character: There is no c in font nullfont!
Missing character: There is no a in font nullfont!
Missing character: There is no l in font nullfont!
Missing character: There is no h in font nullfont!
Missing character: There is no i in font nullfont!
Missing character: There is no s in font nullfont!
Missing character: There is no t in font nullfont!
Missing character: There is no o in font nullfont!
Missing character: There is no r in font nullfont!
Missing character: There is no i in font nullfont!
Missing character: There is no e in font nullfont!
Missing character: There is no s in font nullfont!
Missing character: There is no i in font nullfont!
Missing character: There is no n in font nullfont!
Missing character: There is no e in font nullfont!
Missing character: There is no a in font nullfont!
Missing character: There is no r in font nullfont!
Missing character: There is no t in font nullfont!
Missing character: There is no h in font nullfont!
Missing character: There is no e in font nullfont!
Missing character: There is no n in font nullfont!
Missing character: There is no b in font nullfont!
Missing character: There is no u in font nullfont!
Missing character: There is no i in font nullfont!
Missing character: There is no l in font nullfont!
Missing character: There is no d in font nullfont!
Missing character: There is no i in font nullfont!
Missing character: There is no n in font nullfont!
Missing character: There is no g in font nullfont!
Missing character: There is no ( in font nullfont!
Missing character: There is no g in font nullfont!
Missing character: There is no e in font nullfont!
Missing character: There is no n in font nullfont!
Missing character: There is no e in font nullfont!
Missing character: There is no r in font nullfont!
Missing character: There is no a in font nullfont!
Missing character: There is no l in font nullfont!
Missing character: There is no l in font nullfont!
Missing character: There is no y in font nullfont!
Missing character: There is no ) in font nullfont!
Missing character: There is no a in font nullfont!
Missing character: There is no n in font nullfont!
Missing character: There is no d in font nullfont!
Missing character: There is no r in font nullfont!
Missing character: There is no a in font nullfont!
Missing character: There is no m in font nullfont!
Missing character: There is no m in font nullfont!
Missing character: There is no e in font nullfont!
Missing character: There is no d in font nullfont!
Missing character: There is no - in font nullfont!
Missing character: There is no e in font nullfont!
Missing character: There is no a in font nullfont!
Missing character: There is no r in font nullfont!
Missing character: There is no t in font nullfont!
Missing character: There is no h in font nullfont!
Missing character: There is no b in font nullfont!
Missing character: There is no u in font nullfont!
Missing character: There is no i in font nullfont!
Missing character: There is no l in font nullfont!
Missing character: There is no d in font nullfont!
Missing character: There is no i in font nullfont!
Missing character: There is no n in font nullfont!
Missing character: There is no g in font nullfont!
Missing character: There is no ( in font nullfont!
Missing character: There is no s in font nullfont!
Missing character: There is no p in font nullfont!
Missing character: There is no e in font nullfont!
Missing character: There is no c in font nullfont!
Missing character: There is no i in font nullfont!
Missing character: There is no f in font nullfont!
Missing character: There is no i in font nullfont!
Missing character: There is no c in font nullfont!
Missing character: There is no a in font nullfont!
Missing character: There is no l in font nullfont!
Missing character: There is no l in font nullfont!
Missing character: There is no y in font nullfont!
Missing character: There is no ) in font nullfont!
Missing character: There is no . in font nullfont!
Missing character: There is no M in font nullfont!
Missing character: There is no o in font nullfont!
Missing character: There is no r in font nullfont!
Missing character: There is no e in font nullfont!
Missing character: There is no t in font nullfont!
Missing character: There is no e in font nullfont!
Missing character: There is no c in font nullfont!
Missing character: There is no h in font nullfont!
Missing character: There is no n in font nullfont!
Missing character: There is no i in font nullfont!
Missing character: There is no c in font nullfont!
Missing character: There is no a in font nullfont!
Missing character: There is no l in font nullfont!
Missing character: There is no l in font nullfont!
Missing character: There is no y in font nullfont!
Missing character: There is no d in font nullfont!
Missing character: There is no e in font nullfont!
Missing character: There is no l in font nullfont!
Missing character: There is no i in font nullfont!
Missing character: There is no b in font nullfont!
Missing character: There is no e in font nullfont!
Missing character: There is no r in font nullfont!
Missing character: There is no a in font nullfont!
Missing character: There is no t in font nullfont!
Missing character: There is no e in font nullfont!
Missing character: There is no r in font nullfont!
Missing character: There is no a in font nullfont!
Missing character: There is no m in font nullfont!
Missing character: There is no m in font nullfont!
Missing character: There is no e in font nullfont!
Missing character: There is no d in font nullfont!
Missing character: There is no - in font nullfont!
Missing character: There is no e in font nullfont!
Missing character: There is no a in font nullfont!
Missing character: There is no r in font nullfont!
Missing character: There is no t in font nullfont!
Missing character: There is no h in font nullfont!
Missing character: There is no s in font nullfont!
Missing character: There is no t in font nullfont!
Missing character: There is no r in font nullfont!
Missing character: There is no u in font nullfont!
Missing character: There is no c in font nullfont!
Missing character: There is no t in font nullfont!
Missing character: There is no u in font nullfont!
Missing character: There is no r in font nullfont!
Missing character: There is no e in font nullfont!
Missing character: There is no s in font nullfont!
Missing character: There is no a in font nullfont!
Missing character: There is no r in font nullfont!
Missing character: There is no e in font nullfont!
Missing character: There is no k in font nullfont!
Missing character: There is no n in font nullfont!
Missing character: There is no o in font nullfont!
Missing character: There is no w in font nullfont!
Missing character: There is no n in font nullfont!
Missing character: There is no t in font nullfont!
Missing character: There is no o in font nullfont!
Missing character: There is no f in font nullfont!
Missing character: There is no o in font nullfont!
Missing character: There is no l in font nullfont!
Missing character: There is no l in font nullfont!
Missing character: There is no o in font nullfont!
Missing character: There is no w in font nullfont!
Missing character: There is no i in font nullfont!
Missing character: There is no n in font nullfont!
Missing character: There is no S in font nullfont!
Missing character: There is no p in font nullfont!
Missing character: There is no a in font nullfont!
Missing character: There is no i in font nullfont!
Missing character: There is no n in font nullfont!
Missing character: There is no , in font nullfont!
Missing character: There is no F in font nullfont!
Missing character: There is no r in font nullfont!
Missing character: There is no a in font nullfont!
Missing character: There is no n in font nullfont!
Missing character: There is no c in font nullfont!
Missing character: There is no e in font nullfont!
Missing character: There is no , in font nullfont!
Missing character: There is no a in font nullfont!
Missing character: There is no n in font nullfont!
Missing character: There is no d in font nullfont!
Missing character: There is no t in font nullfont!
Missing character: There is no h in font nullfont!
Missing character: There is no e in font nullfont!
Missing character: There is no N in font nullfont!
Missing character: There is no a in font nullfont!
Missing character: There is no t in font nullfont!
Missing character: There is no i in font nullfont!
Missing character: There is no v in font nullfont!
Missing character: There is no e in font nullfont!
Missing character: There is no A in font nullfont!
Missing character: There is no m in font nullfont!
Missing character: There is no e in font nullfont!
Missing character: There is no r in font nullfont!
Missing character: There is no i in font nullfont!
Missing character: There is no c in font nullfont!
Missing character: There is no a in font nullfont!
Missing character: There is no s in font nullfont!
Missing character: There is no . in font nullfont!
Missing character: There is no R in font nullfont!
Missing character: There is no e in font nullfont!
Missing character: There is no c in font nullfont!
Missing character: There is no e in font nullfont!
Missing character: There is no n in font nullfont!
Missing character: There is no t in font nullfont!
Missing character: There is no l in font nullfont!
Missing character: There is no y in font nullfont!
Missing character: There is no , in font nullfont!
Missing character: There is no R in font nullfont!
Missing character: There is no i in font nullfont!
Missing character: There is no c in font nullfont!
Missing character: There is no k in font nullfont!
Missing character: There is no J in font nullfont!
Missing character: There is no o in font nullfont!
Missing character: There is no y in font nullfont!
Missing character: There is no A in font nullfont!
Missing character: There is no r in font nullfont!
Missing character: There is no c in font nullfont!
Missing character: There is no h in font nullfont!
Missing character: There is no i in font nullfont!
Missing character: There is no t in font nullfont!
Missing character: There is no e in font nullfont!
Missing character: There is no c in font nullfont!
Missing character: There is no t in font nullfont!
Missing character: There is no s in font nullfont!
Missing character: There is no ( in font nullfont!
Missing character: There is no T in font nullfont!
Missing character: There is no u in font nullfont!
Missing character: There is no s in font nullfont!
Missing character: There is no c in font nullfont!
Missing character: There is no o in font nullfont!
Missing character: There is no n in font nullfont!
Missing character: There is no , in font nullfont!
Missing character: There is no A in font nullfont!
Missing character: There is no Z in font nullfont!
Missing character: There is no ) in font nullfont!
Missing character: There is no a in font nullfont!
Missing character: There is no n in font nullfont!
Missing character: There is no d in font nullfont!
Missing character: There is no R in font nullfont!
Missing character: There is no a in font nullfont!
Missing character: There is no m in font nullfont!
Missing character: There is no m in font nullfont!
Missing character: There is no e in font nullfont!
Missing character: There is no d in font nullfont!
Missing character: There is no E in font nullfont!
Missing character: There is no a in font nullfont!
Missing character: There is no r in font nullfont!
Missing character: There is no t in font nullfont!
Missing character: There is no h in font nullfont!
Missing character: There is no W in font nullfont!
Missing character: There is no o in font nullfont!
Missing character: There is no r in font nullfont!
Missing character: There is no k in font nullfont!
Missing character: There is no s in font nullfont!
Missing character: There is no ( in font nullfont!
Missing character: There is no N in font nullfont!
Missing character: There is no a in font nullfont!
Missing character: There is no p in font nullfont!
Missing character: There is no a in font nullfont!
Missing character: There is no , in font nullfont!
Missing character: There is no C in font nullfont!
Missing character: There is no A in font nullfont!
Missing character: There is no ) in font nullfont!
Missing character: There is no d in font nullfont!
Missing character: There is no e in font nullfont!
Missing character: There is no s in font nullfont!
Missing character: There is no i in font nullfont!
Missing character: There is no g in font nullfont!
Missing character: There is no n in font nullfont!
Missing character: There is no e in font nullfont!
Missing character: There is no d in font nullfont!
Missing character: There is no m in font nullfont!
Missing character: There is no u in font nullfont!
Missing character: There is no l in font nullfont!
Missing character: There is no t in font nullfont!
Missing character: There is no i in font nullfont!
Missing character: There is no - in font nullfont!
Missing character: There is no m in font nullfont!
Missing character: There is no i in font nullfont!
Missing character: There is no l in font nullfont!
Missing character: There is no l in font nullfont!
Missing character: There is no i in font nullfont!
Missing character: There is no o in font nullfont!
Missing character: There is no n in font nullfont!
Missing character: There is no d in font nullfont!
Missing character: There is no o in font nullfont!
Missing character: There is no l in font nullfont!
Missing character: There is no l in font nullfont!
Missing character: There is no a in font nullfont!
Missing character: There is no r in font nullfont!
Missing character: There is no r in font nullfont!
Missing character: There is no a in font nullfont!
Missing character: There is no m in font nullfont!
Missing character: There is no m in font nullfont!
Missing character: There is no e in font nullfont!
Missing character: There is no d in font nullfont!
Missing character: There is no - in font nullfont!
Missing character: There is no e in font nullfont!
Missing character: There is no a in font nullfont!
Missing character: There is no r in font nullfont!
Missing character: There is no t in font nullfont!
Missing character: There is no h in font nullfont!
Missing character: There is no h in font nullfont!
Missing character: There is no o in font nullfont!
Missing character: There is no m in font nullfont!
Missing character: There is no e in font nullfont!
Missing character: There is no s in font nullfont!
Missing character: There is no a in font nullfont!
Missing character: There is no n in font nullfont!
Missing character: There is no d in font nullfont!
Missing character: There is no A in font nullfont!
Missing character: There is no u in font nullfont!
Missing character: There is no s in font nullfont!
Missing character: There is no t in font nullfont!
Missing character: There is no r in font nullfont!
Missing character: There is no a in font nullfont!
Missing character: There is no l in font nullfont!
Missing character: There is no i in font nullfont!
Missing character: There is no a in font nullfont!
Missing character: There is no i in font nullfont!
Missing character: There is no s in font nullfont!
Missing character: There is no b in font nullfont!
Missing character: There is no u in font nullfont!
Missing character: There is no i in font nullfont!
Missing character: There is no l in font nullfont!
Missing character: There is no d in font nullfont!
Missing character: There is no i in font nullfont!
Missing character: There is no n in font nullfont!
Missing character: There is no g in font nullfont!
Missing character: There is no w in font nullfont!
Missing character: There is no i in font nullfont!
Missing character: There is no t in font nullfont!
Missing character: There is no h in font nullfont!

Overfull \hbox (20.0pt too wide) in paragraph at lines 13--14
[]
 []


Overfull \hbox (20.0pt too wide) in paragraph at lines 15--15
[] 
 []

./part1.tex:16: Undefined control sequence.
l.16   \small
             {
The control sequence at the end of the top line
of your error message was never \def'ed. If you have
misspelled it (e.g., `\hobx'), type `I' and the correct
spelling (e.g., `I\hbox'). Otherwise just continue,
and I'll forget about whatever was undefined.


Overfull \hbox (16.66658pt too wide) in paragraph at lines 18--18
 \OT1/cmr/m/it/10 ``As
 []


Overfull \hbox (18.65543pt too wide) in paragraph at lines 18--18
 \OT1/cmr/m/it/10 pub-
 []


Overfull \hbox (10.22215pt too wide) in paragraph at lines 18--18
 \OT1/cmr/m/it/10 lic
 []


Overfull \hbox (28.74979pt too wide) in paragraph at lines 18--18
 \OT1/cmr/m/it/10 aware-
 []


Overfull \hbox (18.39989pt too wide) in paragraph at lines 18--18
 \OT1/cmr/m/it/10 ness
 []


Overfull \hbox (24.14983pt too wide) in paragraph at lines 18--18
 \OT1/cmr/m/it/10 grows
 []


Overfull \hbox (11.88321pt too wide) in paragraph at lines 18--18
 \OT1/cmr/m/it/10 re-
 []


Overfull \hbox (22.10538pt too wide) in paragraph at lines 18--18
 \OT1/cmr/m/it/10 gard-
 []


Overfull \hbox (13.2888pt too wide) in paragraph at lines 18--18
 \OT1/cmr/m/it/10 ing
 []


Overfull \hbox (13.03323pt too wide) in paragraph at lines 18--18
 \OT1/cmr/m/it/10 the
 []


Overfull \hbox (14.82213pt too wide) in paragraph at lines 18--18
 \OT1/cmr/m/it/10 im-
 []


Overfull \hbox (17.50542pt too wide) in paragraph at lines 18--18
 \OT1/cmr/m/it/10 por-
 []


Overfull \hbox (22.74426pt too wide) in paragraph at lines 18--18
 \OT1/cmr/m/it/10 tance
 []


Overfull \hbox (8.17773pt too wide) in paragraph at lines 18--18
 \OT1/cmr/m/it/10 of
 []


Overfull \hbox (13.7999pt too wide) in paragraph at lines 18--18
 \OT1/cmr/m/it/10 en-
 []


Overfull \hbox (11.24435pt too wide) in paragraph at lines 18--18
 \OT1/cmr/m/it/10 vi-
 []


Overfull \hbox (18.01653pt too wide) in paragraph at lines 18--18
 \OT1/cmr/m/it/10 ron-
 []


Overfull \hbox (21.97763pt too wide) in paragraph at lines 18--18
 \OT1/cmr/m/it/10 men-
 []


Overfull \hbox (18.91098pt too wide) in paragraph at lines 18--18
 \OT1/cmr/m/it/10 tally
 []


Overfull \hbox (11.88321pt too wide) in paragraph at lines 18--18
 \OT1/cmr/m/it/10 re-
 []


Overfull \hbox (22.99985pt too wide) in paragraph at lines 18--18
 \OT1/cmr/m/it/10 spon-
 []


Overfull \hbox (10.73326pt too wide) in paragraph at lines 18--18
 \OT1/cmr/m/it/10 si-
 []


Overfull \hbox (11.75546pt too wide) in paragraph at lines 18--18
 \OT1/cmr/m/it/10 ble
 []


Overfull \hbox (24.27762pt too wide) in paragraph at lines 18--18
 \OT1/cmr/m/it/10 build-
 []


Overfull \hbox (13.2888pt too wide) in paragraph at lines 18--18
 \OT1/cmr/m/it/10 ing
 []


Overfull \hbox (24.78871pt too wide) in paragraph at lines 18--18
 \OT1/cmr/m/it/10 meth-
 []


Overfull \hbox (16.86656pt too wide) in paragraph at lines 18--18
 \OT1/cmr/m/it/10 ods,
 []


Overfull \hbox (34.37198pt too wide) in paragraph at lines 18--18
 \OT1/cmr/m/it/10 rammed
 []


Overfull \hbox (21.84982pt too wide) in paragraph at lines 18--18
 \OT1/cmr/m/it/10 earth
 []


Overfull \hbox (8.68884pt too wide) in paragraph at lines 18--18
 \OT1/cmr/m/it/10 in
 []


Overfull \hbox (13.03323pt too wide) in paragraph at lines 18--18
 \OT1/cmr/m/it/10 the
 []


Overfull \hbox (28.64424pt too wide) in paragraph at lines 18--18
 \OT1/cmr/m/it/10 United
 []


Overfull \hbox (26.06648pt too wide) in paragraph at lines 18--18
 \OT1/cmr/m/it/10 States
 []


Overfull \hbox (7.15552pt too wide) in paragraph at lines 18--18
 \OT1/cmr/m/it/10 is
 []


Overfull \hbox (21.97763pt too wide) in paragraph at lines 18--18
 \OT1/cmr/m/it/10 gain-
 []


Overfull \hbox (13.2888pt too wide) in paragraph at lines 18--18
 \OT1/cmr/m/it/10 ing
 []


Overfull \hbox (26.83316pt too wide) in paragraph at lines 18--18
 \OT1/cmr/m/it/10 much-
 []


Overfull \hbox (36.41638pt too wide) in paragraph at lines 18--18
 \OT1/cmr/m/it/10 deserved
 []


Overfull \hbox (24.66084pt too wide) in paragraph at lines 18--18
 \OT1/cmr/m/it/10 recog-
 []


Overfull \hbox (12.26659pt too wide) in paragraph at lines 18--18
 \OT1/cmr/m/it/10 ni-
 []


Overfull \hbox (20.18877pt too wide) in paragraph at lines 18--18
 \OT1/cmr/m/it/10 tion.
 []


Overfull \hbox (16.86655pt too wide) in paragraph at lines 18--18
 \OT1/cmr/m/it/10 The
 []


Overfull \hbox (17.76097pt too wide) in paragraph at lines 18--18
 \OT1/cmr/m/it/10 cur-
 []


Overfull \hbox (17.24985pt too wide) in paragraph at lines 18--18
 \OT1/cmr/m/it/10 rent
 []


Overfull \hbox (18.91096pt too wide) in paragraph at lines 18--18
 \OT1/cmr/m/it/10 level
 []


Overfull \hbox (8.17773pt too wide) in paragraph at lines 18--18
 \OT1/cmr/m/it/10 of
 []


Overfull \hbox (12.26659pt too wide) in paragraph at lines 18--18
 \OT1/cmr/m/it/10 in-
 []


Overfull \hbox (15.71652pt too wide) in paragraph at lines 18--18
 \OT1/cmr/m/it/10 ter-
 []


Overfull \hbox (12.01102pt too wide) in paragraph at lines 18--18
 \OT1/cmr/m/it/10 est
 []


Overfull \hbox (7.15552pt too wide) in paragraph at lines 18--18
 \OT1/cmr/m/it/10 is
 []


Overfull \hbox (13.28879pt too wide) in paragraph at lines 18--18
 \OT1/cmr/m/it/10 ac-
 []


Overfull \hbox (12.26657pt too wide) in paragraph at lines 18--18
 \OT1/cmr/m/it/10 tu-
 []


Overfull \hbox (15.58879pt too wide) in paragraph at lines 18--18
 \OT1/cmr/m/it/10 ally
 []


Overfull \hbox (13.03323pt too wide) in paragraph at lines 18--18
 \OT1/cmr/m/it/10 the
 []


Overfull \hbox (20.31651pt too wide) in paragraph at lines 18--18
 \OT1/cmr/m/it/10 third
 []


Overfull \hbox (20.95541pt too wide) in paragraph at lines 18--18
 \OT1/cmr/m/it/10 wave
 []


Overfull \hbox (8.17773pt too wide) in paragraph at lines 18--18
 \OT1/cmr/m/it/10 of
 []


Overfull \hbox (34.37198pt too wide) in paragraph at lines 18--18
 \OT1/cmr/m/it/10 rammed
 []


Overfull \hbox (21.84982pt too wide) in paragraph at lines 18--18
 \OT1/cmr/m/it/10 earth
 []


Overfull \hbox (18.39987pt too wide) in paragraph at lines 18--18
 \OT1/cmr/m/it/10 pop-
 []


Overfull \hbox (8.94438pt too wide) in paragraph at lines 18--18
 \OT1/cmr/m/it/10 u-
 []


Overfull \hbox (15.461pt too wide) in paragraph at lines 18--18
 \OT1/cmr/m/it/10 lar-
 []


Overfull \hbox (11.24435pt too wide) in paragraph at lines 18--18
 \OT1/cmr/m/it/10 ity
 []


Overfull \hbox (8.68884pt too wide) in paragraph at lines 18--18
 \OT1/cmr/m/it/10 in
 []


Overfull \hbox (13.03323pt too wide) in paragraph at lines 18--18
 \OT1/cmr/m/it/10 the
 []


Overfull \hbox (17.1221pt too wide) in paragraph at lines 18--18
 \OT1/cmr/m/it/10 past
 []


Overfull \hbox (15.07768pt too wide) in paragraph at lines 18--18
 \OT1/cmr/m/it/10 two
 []


Overfull \hbox (19.67766pt too wide) in paragraph at lines 18--18
 \OT1/cmr/m/it/10 hun-
 []


Overfull \hbox (18.01651pt too wide) in paragraph at lines 18--18
 \OT1/cmr/m/it/10 dred
 []


Overfull \hbox (25.42758pt too wide) in paragraph at lines 18--18
 \OT1/cmr/m/it/10 years.
 []


Overfull \hbox (16.86655pt too wide) in paragraph at lines 18--18
 \OT1/cmr/m/it/10 The
 []


Overfull \hbox (17.24988pt too wide) in paragraph at lines 18--18
 \OT1/cmr/m/it/10 first
 []


Overfull \hbox (20.95541pt too wide) in paragraph at lines 18--18
 \OT1/cmr/m/it/10 wave
 []


Overfull \hbox (31.81639pt too wide) in paragraph at lines 18--18
 \OT1/cmr/m/it/10 reached
 []


Overfull \hbox (10.4777pt too wide) in paragraph at lines 18--18
 \OT1/cmr/m/it/10 its
 []


Overfull \hbox (17.88878pt too wide) in paragraph at lines 18--18
 \OT1/cmr/m/it/10 high
 []


Overfull \hbox (21.72208pt too wide) in paragraph at lines 18--18
 \OT1/cmr/m/it/10 point
 []


Overfull \hbox (18.2721pt too wide) in paragraph at lines 18--18
 \OT1/cmr/m/it/10 dur-
 []


Overfull \hbox (13.2888pt too wide) in paragraph at lines 18--18
 \OT1/cmr/m/it/10 ing
 []


Overfull \hbox (13.03323pt too wide) in paragraph at lines 18--18
 \OT1/cmr/m/it/10 the
 []


Overfull \hbox (27.59985pt too wide) in paragraph at lines 18--18
 \OT1/cmr/m/it/10 1840s,
 []


Overfull \hbox (15.84436pt too wide) in paragraph at lines 18--18
 \OT1/cmr/m/it/10 and
 []


Overfull \hbox (13.03323pt too wide) in paragraph at lines 18--18
 \OT1/cmr/m/it/10 the
 []


Overfull \hbox (16.35541pt too wide) in paragraph at lines 18--18
 \OT1/cmr/m/it/10 sec-
 []


Overfull \hbox (15.84436pt too wide) in paragraph at lines 18--18
 \OT1/cmr/m/it/10 ond
 []


Overfull \hbox (18.2721pt too wide) in paragraph at lines 18--18
 \OT1/cmr/m/it/10 dur-
 []


Overfull \hbox (13.2888pt too wide) in paragraph at lines 18--18
 \OT1/cmr/m/it/10 ing
 []


Overfull \hbox (13.03323pt too wide) in paragraph at lines 18--18
 \OT1/cmr/m/it/10 the
 []


Overfull \hbox (23.96368pt too wide) in paragraph at lines 18--18
 \OT1/cmr/m/it/10 Great
 []


Overfull \hbox (15.72765pt too wide) in paragraph at lines 18--18
 \OT1/cmr/m/it/10 De-
 []


Overfull \hbox (21.08316pt too wide) in paragraph at lines 18--18
 \OT1/cmr/m/it/10 pres-
 []


Overfull \hbox (17.8888pt too wide) in paragraph at lines 18--18
 \OT1/cmr/m/it/10 sion
 []


Overfull \hbox (8.17773pt too wide) in paragraph at lines 18--18
 \OT1/cmr/m/it/10 of
 []


Overfull \hbox (13.03323pt too wide) in paragraph at lines 18--18
 \OT1/cmr/m/it/10 the
 []


Overfull \hbox (27.59985pt too wide) in paragraph at lines 18--18
 \OT1/cmr/m/it/10 1930s.
 []


Overfull \hbox (20.5832pt too wide) in paragraph at lines 18--18
 \OT1/cmr/m/it/10 Both
 []


Overfull \hbox (8.17773pt too wide) in paragraph at lines 18--18
 \OT1/cmr/m/it/10 of
 []


Overfull \hbox (13.03323pt too wide) in paragraph at lines 18--18
 \OT1/cmr/m/it/10 the
 []


Overfull \hbox (17.24988pt too wide) in paragraph at lines 18--18
 \OT1/cmr/m/it/10 first
 []


Overfull \hbox (15.07768pt too wide) in paragraph at lines 18--18
 \OT1/cmr/m/it/10 two
 []


Overfull \hbox (26.4498pt too wide) in paragraph at lines 18--18
 \OT1/cmr/m/it/10 surges
 []


Overfull \hbox (19.54984pt too wide) in paragraph at lines 18--18
 \OT1/cmr/m/it/10 were
 []


Overfull \hbox (22.23318pt too wide) in paragraph at lines 18--18
 \OT1/cmr/m/it/10 stim-
 []


Overfull \hbox (8.94438pt too wide) in paragraph at lines 18--18
 \OT1/cmr/m/it/10 u-
 []


Overfull \hbox (20.18874pt too wide) in paragraph at lines 18--18
 \OT1/cmr/m/it/10 lated
 []


Overfull \hbox (9.45547pt too wide) in paragraph at lines 18--18
 \OT1/cmr/m/it/10 by
 []


Overfull \hbox (13.03323pt too wide) in paragraph at lines 18--18
 \OT1/cmr/m/it/10 the
 []


Overfull \hbox (21.97762pt too wide) in paragraph at lines 18--18
 \OT1/cmr/m/it/10 quest
 []


Overfull \hbox (12.39436pt too wide) in paragraph at lines 18--18
 \OT1/cmr/m/it/10 for
 []


Overfull \hbox (5.11108pt too wide) in paragraph at lines 18--18
 \OT1/cmr/m/it/10 a
 []


Overfull \hbox (14.31104pt too wide) in paragraph at lines 18--18
 \OT1/cmr/m/it/10 low
 []


Overfull \hbox (19.67763pt too wide) in paragraph at lines 18--18
 \OT1/cmr/m/it/10 cost,
 []


Overfull \hbox (29.77202pt too wide) in paragraph at lines 18--18
 \OT1/cmr/m/it/10 owner-
 []


Overfull \hbox (30.66643pt too wide) in paragraph at lines 18--18
 \OT1/cmr/m/it/10 capable
 []


Overfull \hbox (30.92201pt too wide) in paragraph at lines 18--18
 \OT1/cmr/m/it/10 method
 []


Overfull \hbox (8.17773pt too wide) in paragraph at lines 18--18
 \OT1/cmr/m/it/10 of
 []


Overfull \hbox (18.39986pt too wide) in paragraph at lines 18--18
 \OT1/cmr/m/it/10 con-
 []


Overfull \hbox (25.17203pt too wide) in paragraph at lines 18--18
 \OT1/cmr/m/it/10 struc-
 []


Overfull \hbox (20.18877pt too wide) in paragraph at lines 18--18
 \OT1/cmr/m/it/10 tion:
 []


Overfull \hbox (15.84436pt too wide) in paragraph at lines 18--18
 \OT1/cmr/m/it/10 and
 []


Overfull \hbox (17.6332pt too wide) in paragraph at lines 18--18
 \OT1/cmr/m/it/10 both
 []


Overfull \hbox (24.53316pt too wide) in paragraph at lines 18--18
 \OT1/cmr/m/it/10 ended
 []


Overfull \hbox (21.97765pt too wide) in paragraph at lines 18--18
 \OT1/cmr/m/it/10 when
 []


Overfull \hbox (25.0443pt too wide) in paragraph at lines 18--18
 \OT1/cmr/m/it/10 mass-
 []


Overfull \hbox (45.61635pt too wide) in paragraph at lines 18--18
 \OT1/cmr/m/it/10 production
 []


Overfull \hbox (15.84436pt too wide) in paragraph at lines 18--18
 \OT1/cmr/m/it/10 and
 []


Overfull \hbox (17.88878pt too wide) in paragraph at lines 18--18
 \OT1/cmr/m/it/10 low-
 []


Overfull \hbox (16.61098pt too wide) in paragraph at lines 18--18
 \OT1/cmr/m/it/10 cost
 []


Overfull \hbox (25.42758pt too wide) in paragraph at lines 18--18
 \OT1/cmr/m/it/10 trans-
 []


Overfull \hbox (25.93869pt too wide) in paragraph at lines 18--18
 \OT1/cmr/m/it/10 porta-
 []


Overfull \hbox (17.12212pt too wide) in paragraph at lines 18--18
 \OT1/cmr/m/it/10 tion
 []


Overfull \hbox (22.99986pt too wide) in paragraph at lines 18--18
 \OT1/cmr/m/it/10 made
 []


Overfull \hbox (25.4276pt too wide) in paragraph at lines 18--18
 \OT1/cmr/m/it/10 other,
 []


Overfull \hbox (24.40538pt too wide) in paragraph at lines 18--18
 \OT1/cmr/m/it/10 faster
 []


Overfull \hbox (18.39986pt too wide) in paragraph at lines 18--18
 \OT1/cmr/m/it/10 con-
 []


Overfull \hbox (25.17203pt too wide) in paragraph at lines 18--18
 \OT1/cmr/m/it/10 struc-
 []


Overfull \hbox (17.12212pt too wide) in paragraph at lines 18--18
 \OT1/cmr/m/it/10 tion
 []


Overfull \hbox (24.78871pt too wide) in paragraph at lines 18--18
 \OT1/cmr/m/it/10 meth-
 []


Overfull \hbox (13.79991pt too wide) in paragraph at lines 18--18
 \OT1/cmr/m/it/10 ods
 []


Overfull \hbox (21.59428pt too wide) in paragraph at lines 18--18
 \OT1/cmr/m/it/10 more
 []


Overfull \hbox (13.28879pt too wide) in paragraph at lines 18--18
 \OT1/cmr/m/it/10 ac-
 []


Overfull \hbox (16.35541pt too wide) in paragraph at lines 18--18
 \OT1/cmr/m/it/10 ces-
 []


Overfull \hbox (10.73326pt too wide) in paragraph at lines 18--18
 \OT1/cmr/m/it/10 si-
 []


Overfull \hbox (20.66266pt too wide) in paragraph at lines 18--18
 \OT1/cmr/m/it/10 ble."
 []


./part1.tex:18: LaTeX Error: The font size command \normalsize is not defined:
               there is probably something wrong with the class file.

See the LaTeX manual or LaTeX Companion for explanation.
Type  H <return>  for immediate help.
 ...                                              
                                                  
l.18 ...onstruction methods more accessible." } \\
                                                  
Your command was ignored.
Type  I <command> <return>  to replace it with another command,
or  <return>  to continue without it.

[1{/usr/local/texlive/2017basic/texmf-var/fonts/map/pdftex/updmap/pdftex.map}]
Missing character: There is no - in font nullfont!
Missing character: There is no - in font nullfont!
Missing character: There is no - in font nullfont!
Missing character: There is no D in font nullfont!
Missing character: There is no a in font nullfont!
Missing character: There is no v in font nullfont!
Missing character: There is no i in font nullfont!
Missing character: There is no d in font nullfont!
Missing character: There is no E in font nullfont!
Missing character: There is no a in font nullfont!
Missing character: There is no s in font nullfont!
Missing character: There is no t in font nullfont!
Missing character: There is no o in font nullfont!
Missing character: There is no n in font nullfont!
Missing character: There is no . in font nullfont!
Missing character: There is no . in font nullfont!
Missing character: There is no 2 in font nullfont!
Missing character: There is no 0 in font nullfont!
Missing character: There is no 0 in font nullfont!
Missing character: There is no 7 in font nullfont!
Missing character: There is no . in font nullfont!

Overfull \hbox (16.86655pt too wide) in paragraph at lines 19--20
 \OT1/cmr/m/it/10 The
 []


Overfull \hbox (37.44975pt too wide) in paragraph at lines 19--20
 \OT1/cmr/m/it/10 Rammed
 []


Overfull \hbox (24.54428pt too wide) in paragraph at lines 19--20
 \OT1/cmr/m/it/10 Earth
 []


Overfull \hbox (26.59984pt too wide) in paragraph at lines 19--20
 \OT1/cmr/m/it/10 House
 []

Missing character: There is no A in font nullfont!
Missing character: There is no s in font nullfont!
Missing character: There is no s in font nullfont!
Missing character: There is no u in font nullfont!
Missing character: There is no c in font nullfont!
Missing character: There is no h in font nullfont!
Missing character: There is no , in font nullfont!
Missing character: There is no t in font nullfont!
Missing character: There is no h in font nullfont!
Missing character: There is no e in font nullfont!
Missing character: There is no a in font nullfont!
Missing character: There is no n in font nullfont!
Missing character: There is no c in font nullfont!
Missing character: There is no i in font nullfont!
Missing character: There is no e in font nullfont!
Missing character: There is no n in font nullfont!
Missing character: There is no t in font nullfont!
Missing character: There is no b in font nullfont!
Missing character: There is no u in font nullfont!
Missing character: There is no i in font nullfont!
Missing character: There is no l in font nullfont!
Missing character: There is no d in font nullfont!
Missing character: There is no i in font nullfont!
Missing character: There is no n in font nullfont!
Missing character: There is no g in font nullfont!
Missing character: There is no f in font nullfont!
Missing character: There is no o in font nullfont!
Missing character: There is no r in font nullfont!
Missing character: There is no m in font nullfont!
Missing character: There is no f in font nullfont!
Missing character: There is no i in font nullfont!
Missing character: There is no n in font nullfont!
Missing character: There is no d in font nullfont!
Missing character: There is no s in font nullfont!
Missing character: There is no a in font nullfont!
Missing character: There is no n in font nullfont!
Missing character: There is no e in font nullfont!
Missing character: There is no w in font nullfont!
Missing character: There is no l in font nullfont!
Missing character: There is no i in font nullfont!
Missing character: There is no f in font nullfont!
Missing character: There is no e in font nullfont!
Missing character: There is no i in font nullfont!
Missing character: There is no n in font nullfont!
Missing character: There is no t in font nullfont!
Missing character: There is no h in font nullfont!
Missing character: There is no e in font nullfont!
Missing character: There is no i in font nullfont!
Missing character: There is no n in font nullfont!
Missing character: There is no f in font nullfont!
Missing character: There is no i in font nullfont!
Missing character: There is no n in font nullfont!
Missing character: There is no i in font nullfont!
Missing character: There is no t in font nullfont!
Missing character: There is no e in font nullfont!
Missing character: There is no l in font nullfont!
Missing character: There is no y in font nullfont!
Missing character: There is no c in font nullfont!
Missing character: There is no o in font nullfont!
Missing character: There is no m in font nullfont!
Missing character: There is no p in font nullfont!
Missing character: There is no l in font nullfont!
Missing character: There is no e in font nullfont!
Missing character: There is no x in font nullfont!
Missing character: There is no c in font nullfont!
Missing character: There is no o in font nullfont!
Missing character: There is no s in font nullfont!
Missing character: There is no m in font nullfont!
Missing character: There is no o in font nullfont!
Missing character: There is no l in font nullfont!
Missing character: There is no o in font nullfont!
Missing character: There is no g in font nullfont!
Missing character: There is no y in font nullfont!
Missing character: There is no o in font nullfont!
Missing character: There is no f in font nullfont!
Missing character: There is no m in font nullfont!
Missing character: There is no o in font nullfont!
Missing character: There is no d in font nullfont!
Missing character: There is no e in font nullfont!
Missing character: There is no r in font nullfont!
Missing character: There is no n in font nullfont!
Missing character: There is no b in font nullfont!
Missing character: There is no u in font nullfont!
Missing character: There is no i in font nullfont!
Missing character: There is no l in font nullfont!
Missing character: There is no d in font nullfont!
Missing character: There is no i in font nullfont!
Missing character: There is no n in font nullfont!
Missing character: There is no g in font nullfont!
Missing character: There is no s in font nullfont!
Missing character: There is no c in font nullfont!
Missing character: There is no i in font nullfont!
Missing character: There is no e in font nullfont!
Missing character: There is no n in font nullfont!
Missing character: There is no c in font nullfont!
Missing character: There is no e in font nullfont!
Missing character: There is no a in font nullfont!
Missing character: There is no n in font nullfont!
Missing character: There is no d in font nullfont!
Missing character: There is no t in font nullfont!
Missing character: There is no e in font nullfont!
Missing character: There is no c in font nullfont!
Missing character: There is no h in font nullfont!
Missing character: There is no n in font nullfont!
Missing character: There is no i in font nullfont!
Missing character: There is no c in font nullfont!
Missing character: There is no s in font nullfont!
Missing character: There is no . in font nullfont!
Missing character: There is no F in font nullfont!
Missing character: There is no r in font nullfont!
Missing character: There is no o in font nullfont!
Missing character: There is no m in font nullfont!
Missing character: There is no i in font nullfont!
Missing character: There is no n in font nullfont!
Missing character: There is no n in font nullfont!
Missing character: There is no o in font nullfont!
Missing character: There is no c in font nullfont!
Missing character: There is no e in font nullfont!
Missing character: There is no n in font nullfont!
Missing character: There is no t in font nullfont!
Missing character: There is no / in font nullfont!
Missing character: There is no u in font nullfont!
Missing character: There is no n in font nullfont!
Missing character: There is no s in font nullfont!
Missing character: There is no e in font nullfont!
Missing character: There is no l in font nullfont!
Missing character: There is no f in font nullfont!
Missing character: There is no c in font nullfont!
Missing character: There is no o in font nullfont!
Missing character: There is no n in font nullfont!
Missing character: There is no s in font nullfont!
Missing character: There is no c in font nullfont!
Missing character: There is no i in font nullfont!
Missing character: There is no o in font nullfont!
Missing character: There is no u in font nullfont!
Missing character: There is no s in font nullfont!
Missing character: There is no d in font nullfont!
Missing character: There is no e in font nullfont!
Missing character: There is no s in font nullfont!
Missing character: There is no i in font nullfont!
Missing character: There is no g in font nullfont!
Missing character: There is no n in font nullfont!
Missing character: There is no , in font nullfont!
Missing character: There is no q in font nullfont!
Missing character: There is no u in font nullfont!
Missing character: There is no a in font nullfont!
Missing character: There is no l in font nullfont!
Missing character: There is no i in font nullfont!
Missing character: There is no t in font nullfont!
Missing character: There is no i in font nullfont!
Missing character: There is no e in font nullfont!
Missing character: There is no s in font nullfont!
Missing character: There is no C in font nullfont!
Missing character: There is no h in font nullfont!
Missing character: There is no r in font nullfont!
Missing character: There is no i in font nullfont!
Missing character: There is no s in font nullfont!
Missing character: There is no t in font nullfont!
Missing character: There is no o in font nullfont!
Missing character: There is no p in font nullfont!
Missing character: There is no h in font nullfont!
Missing character: There is no e in font nullfont!
Missing character: There is no r in font nullfont!
Missing character: There is no A in font nullfont!
Missing character: There is no l in font nullfont!
Missing character: There is no e in font nullfont!
Missing character: There is no x in font nullfont!
Missing character: There is no a in font nullfont!
Missing character: There is no n in font nullfont!
Missing character: There is no d in font nullfont!
Missing character: There is no e in font nullfont!
Missing character: There is no r in font nullfont!
Missing character: There is no a in font nullfont!
Missing character: There is no t in font nullfont!
Missing character: There is no t in font nullfont!
Missing character: There is no r in font nullfont!
Missing character: There is no i in font nullfont!
Missing character: There is no b in font nullfont!
Missing character: There is no u in font nullfont!
Missing character: There is no t in font nullfont!
Missing character: There is no e in font nullfont!
Missing character: There is no d in font nullfont!
Missing character: There is no t in font nullfont!
Missing character: There is no o in font nullfont!
Missing character: There is no t in font nullfont!
Missing character: There is no h in font nullfont!
Missing character: There is no e in font nullfont!
Missing character: There is no p in font nullfont!
Missing character: There is no r in font nullfont!
Missing character: There is no e in font nullfont!
Missing character: There is no - in font nullfont!
Missing character: There is no l in font nullfont!
Missing character: There is no o in font nullfont!
Missing character: There is no g in font nullfont!
Missing character: There is no i in font nullfont!
Missing character: There is no c in font nullfont!
Missing character: There is no a in font nullfont!
Missing character: There is no l in font nullfont!
Missing character: There is no [ in font nullfont!
\citation{SYNOFFORM}
./part1.tex:22: Undefined control sequence.
<write> ...: Citation `\@citeb ' on page \thepage 
                                                  \space undefined\on@line .
l.22 ...ed to the pre-logical \cite[p8]{SYNOFFORM}
                                                  , to societies of design b...
The control sequence at the end of the top line
of your error message was never \def'ed. If you have
misspelled it (e.g., `\hobx'), type `I' and the correct
spelling (e.g., `I\hbox'). Otherwise just continue,
and I'll forget about whatever was undefined.


LaTeX Warning: Citation `SYNOFFORM' on page  undefined on input line 22.

Missing character: There is no , in font nullfont!
Missing character: There is no p in font nullfont!
Missing character: There is no 8 in font nullfont!
Missing character: There is no ] in font nullfont!
Missing character: There is no , in font nullfont!
Missing character: There is no t in font nullfont!
Missing character: There is no o in font nullfont!
Missing character: There is no s in font nullfont!
Missing character: There is no o in font nullfont!
Missing character: There is no c in font nullfont!
Missing character: There is no i in font nullfont!
Missing character: There is no e in font nullfont!
Missing character: There is no t in font nullfont!
Missing character: There is no i in font nullfont!
Missing character: There is no e in font nullfont!
Missing character: There is no s in font nullfont!
Missing character: There is no o in font nullfont!
Missing character: There is no f in font nullfont!
Missing character: There is no d in font nullfont!
Missing character: There is no e in font nullfont!
Missing character: There is no s in font nullfont!
Missing character: There is no i in font nullfont!
Missing character: There is no g in font nullfont!
Missing character: There is no n in font nullfont!
Missing character: There is no b in font nullfont!
Missing character: There is no a in font nullfont!
Missing character: There is no s in font nullfont!
Missing character: There is no e in font nullfont!
Missing character: There is no d in font nullfont!
Missing character: There is no o in font nullfont!
Missing character: There is no n in font nullfont!
Missing character: There is no i in font nullfont!
Missing character: There is no n in font nullfont!
Missing character: There is no f in font nullfont!
Missing character: There is no o in font nullfont!
Missing character: There is no r in font nullfont!
Missing character: There is no m in font nullfont!
Missing character: There is no a in font nullfont!
Missing character: There is no t in font nullfont!
Missing character: There is no i in font nullfont!
Missing character: There is no o in font nullfont!
Missing character: There is no n in font nullfont!
Missing character: There is no a in font nullfont!
Missing character: There is no n in font nullfont!
Missing character: There is no d in font nullfont!
Missing character: There is no p in font nullfont!
Missing character: There is no r in font nullfont!
Missing character: There is no o in font nullfont!
Missing character: There is no o in font nullfont!
Missing character: There is no f in font nullfont!
Missing character: There is no ; in font nullfont!
Missing character: There is no o in font nullfont!
Missing character: There is no n in font nullfont!
Missing character: There is no w in font nullfont!
Missing character: There is no h in font nullfont!
Missing character: There is no a in font nullfont!
Missing character: There is no t in font nullfont!
Missing character: There is no g in font nullfont!
Missing character: There is no r in font nullfont!
Missing character: There is no o in font nullfont!
Missing character: There is no u in font nullfont!
Missing character: There is no n in font nullfont!
Missing character: There is no d in font nullfont!
Missing character: There is no s in font nullfont!
Missing character: There is no i in font nullfont!
Missing character: There is no s in font nullfont!
Missing character: There is no r in font nullfont!
Missing character: There is no a in font nullfont!
Missing character: There is no m in font nullfont!
Missing character: There is no m in font nullfont!
Missing character: There is no e in font nullfont!
Missing character: There is no d in font nullfont!
Missing character: There is no - in font nullfont!
Missing character: There is no e in font nullfont!
Missing character: There is no a in font nullfont!
Missing character: There is no r in font nullfont!
Missing character: There is no t in font nullfont!
Missing character: There is no h in font nullfont!
Missing character: There is no r in font nullfont!
Missing character: There is no e in font nullfont!
Missing character: There is no a in font nullfont!
Missing character: There is no p in font nullfont!
Missing character: There is no p in font nullfont!
Missing character: There is no e in font nullfont!
Missing character: There is no a in font nullfont!
Missing character: There is no r in font nullfont!
Missing character: There is no i in font nullfont!
Missing character: There is no n in font nullfont!
Missing character: There is no g in font nullfont!
Missing character: There is no ? in font nullfont!

Overfull \hbox (20.0pt too wide) in paragraph at lines 22--23
[]
 []


Overfull \hbox (5.43053pt too wide) in paragraph at lines 22--23
[]
 []

Missing character: There is no I in font nullfont!
Missing character: There is no t in font nullfont!
Missing character: There is no i in font nullfont!
Missing character: There is no s in font nullfont!
Missing character: There is no a in font nullfont!
Missing character: There is no r in font nullfont!
Missing character: There is no g in font nullfont!
Missing character: There is no u in font nullfont!
Missing character: There is no e in font nullfont!
Missing character: There is no d in font nullfont!
Missing character: There is no t in font nullfont!
Missing character: There is no h in font nullfont!
Missing character: There is no a in font nullfont!
Missing character: There is no t in font nullfont!
Missing character: There is no r in font nullfont!
Missing character: There is no a in font nullfont!
Missing character: There is no m in font nullfont!
Missing character: There is no m in font nullfont!
Missing character: There is no e in font nullfont!
Missing character: There is no d in font nullfont!
Missing character: There is no - in font nullfont!
Missing character: There is no e in font nullfont!
Missing character: There is no a in font nullfont!
Missing character: There is no r in font nullfont!
Missing character: There is no t in font nullfont!
Missing character: There is no h in font nullfont!
Missing character: There is no , in font nullfont!
Missing character: There is no a in font nullfont!
Missing character: There is no s in font nullfont!
Missing character: There is no a in font nullfont!
Missing character: There is no t in font nullfont!
Missing character: There is no y in font nullfont!
Missing character: There is no p in font nullfont!
Missing character: There is no e in font nullfont!
Missing character: There is no o in font nullfont!
Missing character: There is no f in font nullfont!
Missing character: There is no e in font nullfont!
Missing character: There is no a in font nullfont!
Missing character: There is no r in font nullfont!
Missing character: There is no t in font nullfont!
Missing character: There is no h in font nullfont!
Missing character: There is no e in font nullfont!
Missing character: There is no n in font nullfont!
Missing character: There is no a in font nullfont!
Missing character: There is no r in font nullfont!
Missing character: There is no c in font nullfont!
Missing character: There is no h in font nullfont!
Missing character: There is no i in font nullfont!
Missing character: There is no t in font nullfont!
Missing character: There is no e in font nullfont!
Missing character: There is no c in font nullfont!
Missing character: There is no t in font nullfont!
Missing character: There is no u in font nullfont!
Missing character: There is no r in font nullfont!
Missing character: There is no e in font nullfont!
Missing character: There is no , in font nullfont!
Missing character: There is no r in font nullfont!
Missing character: There is no e in font nullfont!
Missing character: There is no a in font nullfont!
Missing character: There is no p in font nullfont!
Missing character: There is no p in font nullfont!
Missing character: There is no e in font nullfont!
Missing character: There is no a in font nullfont!
Missing character: There is no r in font nullfont!
Missing character: There is no s in font nullfont!
Missing character: There is no i in font nullfont!
Missing character: There is no n in font nullfont!
Missing character: There is no t in font nullfont!
Missing character: There is no h in font nullfont!
Missing character: There is no e in font nullfont!
Missing character: There is no u in font nullfont!
Missing character: There is no p in font nullfont!
Missing character: There is no p in font nullfont!
Missing character: There is no e in font nullfont!
Missing character: There is no r in font nullfont!
Missing character: There is no e in font nullfont!
Missing character: There is no c in font nullfont!
Missing character: There is no h in font nullfont!
Missing character: There is no e in font nullfont!
Missing character: There is no l in font nullfont!
Missing character: There is no o in font nullfont!
Missing character: There is no n in font nullfont!
Missing character: There is no s in font nullfont!
Missing character: There is no o in font nullfont!
Missing character: There is no f in font nullfont!
Missing character: There is no m in font nullfont!
Missing character: There is no o in font nullfont!
Missing character: There is no d in font nullfont!
Missing character: There is no e in font nullfont!
Missing character: There is no r in font nullfont!
Missing character: There is no n in font nullfont!
Missing character: There is no s in font nullfont!
Missing character: There is no c in font nullfont!
Missing character: There is no i in font nullfont!
Missing character: There is no e in font nullfont!
Missing character: There is no n in font nullfont!
Missing character: There is no c in font nullfont!
Missing character: There is no e in font nullfont!
Missing character: There is no , in font nullfont!
Missing character: There is no t in font nullfont!
Missing character: There is no e in font nullfont!
Missing character: There is no c in font nullfont!
Missing character: There is no h in font nullfont!
Missing character: There is no n in font nullfont!
Missing character: There is no o in font nullfont!
Missing character: There is no l in font nullfont!
Missing character: There is no o in font nullfont!
Missing character: There is no g in font nullfont!
Missing character: There is no y in font nullfont!
Missing character: There is no , in font nullfont!
Missing character: There is no a in font nullfont!
Missing character: There is no r in font nullfont!
Missing character: There is no c in font nullfont!
Missing character: There is no h in font nullfont!
Missing character: There is no i in font nullfont!
Missing character: There is no t in font nullfont!
Missing character: There is no e in font nullfont!
Missing character: There is no c in font nullfont!
Missing character: There is no t in font nullfont!
Missing character: There is no u in font nullfont!
Missing character: There is no r in font nullfont!
Missing character: There is no e in font nullfont!
Missing character: There is no , in font nullfont!
Missing character: There is no a in font nullfont!
Missing character: There is no n in font nullfont!
Missing character: There is no d in font nullfont!
Missing character: There is no b in font nullfont!
Missing character: There is no u in font nullfont!
Missing character: There is no i in font nullfont!
Missing character: There is no l in font nullfont!
Missing character: There is no d in font nullfont!
Missing character: There is no i in font nullfont!
Missing character: There is no n in font nullfont!
Missing character: There is no g in font nullfont!
Missing character: There is no a in font nullfont!
Missing character: There is no s in font nullfont!
Missing character: There is no b in font nullfont!
Missing character: There is no e in font nullfont!
Missing character: There is no i in font nullfont!
Missing character: There is no n in font nullfont!
Missing character: There is no g in font nullfont!
Missing character: There is no d in font nullfont!
Missing character: There is no e in font nullfont!
Missing character: There is no f in font nullfont!
Missing character: There is no i in font nullfont!
Missing character: There is no n in font nullfont!
Missing character: There is no e in font nullfont!
Missing character: There is no d in font nullfont!
Missing character: There is no b in font nullfont!
Missing character: There is no y in font nullfont!
Missing character: There is no t in font nullfont!
Missing character: There is no h in font nullfont!
Missing character: There is no e in font nullfont!
Missing character: There is no o in font nullfont!
Missing character: There is no n in font nullfont!
Missing character: There is no e in font nullfont!
Missing character: There is no w in font nullfont!
Missing character: There is no o in font nullfont!
Missing character: There is no r in font nullfont!
Missing character: There is no d in font nullfont!
Missing character: There is no : in font nullfont!
Missing character: There is no . in font nullfont!
Missing character: There is no H in font nullfont!
Missing character: There is no o in font nullfont!
Missing character: There is no w in font nullfont!
Missing character: There is no e in font nullfont!
Missing character: There is no v in font nullfont!
Missing character: There is no e in font nullfont!
Missing character: There is no r in font nullfont!
Missing character: There is no , in font nullfont!
Missing character: There is no t in font nullfont!
Missing character: There is no h in font nullfont!
Missing character: There is no e in font nullfont!
Missing character: There is no a in font nullfont!
Missing character: There is no r in font nullfont!
Missing character: There is no g in font nullfont!
Missing character: There is no u in font nullfont!
Missing character: There is no m in font nullfont!
Missing character: There is no e in font nullfont!
Missing character: There is no n in font nullfont!
Missing character: There is no t in font nullfont!
Missing character: There is no p in font nullfont!
Missing character: There is no r in font nullfont!
Missing character: There is no o in font nullfont!
Missing character: There is no c in font nullfont!
Missing character: There is no e in font nullfont!
Missing character: There is no e in font nullfont!
Missing character: There is no d in font nullfont!
Missing character: There is no s in font nullfont!
Missing character: There is no t in font nullfont!
Missing character: There is no o in font nullfont!
Missing character: There is no n in font nullfont!
Missing character: There is no o in font nullfont!
Missing character: There is no t in font nullfont!
Missing character: There is no e in font nullfont!
Missing character: There is no t in font nullfont!
Missing character: There is no h in font nullfont!
Missing character: There is no a in font nullfont!
Missing character: There is no t in font nullfont!
Missing character: There is no ` in font nullfont!
Missing character: There is no ` in font nullfont!
Missing character: There is no s in font nullfont!
Missing character: There is no u in font nullfont!
Missing character: There is no s in font nullfont!
Missing character: There is no t in font nullfont!
Missing character: There is no a in font nullfont!
Missing character: There is no i in font nullfont!
Missing character: There is no n in font nullfont!
Missing character: There is no a in font nullfont!
Missing character: There is no b in font nullfont!
Missing character: There is no i in font nullfont!
Missing character: There is no l in font nullfont!
Missing character: There is no i in font nullfont!
Missing character: There is no t in font nullfont!
Missing character: There is no y in font nullfont!
Missing character: There is no " in font nullfont!
Missing character: There is no c in font nullfont!
Missing character: There is no a in font nullfont!
Missing character: There is no l in font nullfont!
Missing character: There is no l in font nullfont!
Missing character: There is no s in font nullfont!
Missing character: There is no t in font nullfont!
Missing character: There is no o in font nullfont!
Missing character: There is no m in font nullfont!
Missing character: There is no i in font nullfont!
Missing character: There is no n in font nullfont!
Missing character: There is no d in font nullfont!
Missing character: There is no a in font nullfont!
Missing character: There is no p in font nullfont!
Missing character: There is no a in font nullfont!
Missing character: There is no r in font nullfont!
Missing character: There is no t in font nullfont!
Missing character: There is no i in font nullfont!
Missing character: There is no c in font nullfont!
Missing character: There is no u in font nullfont!
Missing character: There is no l in font nullfont!
Missing character: There is no a in font nullfont!
Missing character: There is no r in font nullfont!
Missing character: There is no , in font nullfont!
Missing character: There is no c in font nullfont!
Missing character: There is no o in font nullfont!
Missing character: There is no l in font nullfont!
Missing character: There is no l in font nullfont!
Missing character: There is no e in font nullfont!
Missing character: There is no c in font nullfont!
Missing character: There is no t in font nullfont!
Missing character: There is no i in font nullfont!
Missing character: There is no v in font nullfont!
Missing character: There is no i in font nullfont!
Missing character: There is no z in font nullfont!
Missing character: There is no e in font nullfont!
Missing character: There is no d in font nullfont!
Missing character: There is no n in font nullfont!
Missing character: There is no o in font nullfont!
Missing character: There is no t in font nullfont!
Missing character: There is no i in font nullfont!
Missing character: There is no o in font nullfont!
Missing character: There is no n in font nullfont!
Missing character: There is no w in font nullfont!
Missing character: There is no h in font nullfont!
Missing character: There is no i in font nullfont!
Missing character: There is no c in font nullfont!
Missing character: There is no h in font nullfont!
Missing character: There is no q in font nullfont!
Missing character: There is no u in font nullfont!
Missing character: There is no e in font nullfont!
Missing character: There is no s in font nullfont!
Missing character: There is no t in font nullfont!
Missing character: There is no i in font nullfont!
Missing character: There is no o in font nullfont!
Missing character: There is no n in font nullfont!
Missing character: There is no a in font nullfont!
Missing character: There is no b in font nullfont!
Missing character: There is no l in font nullfont!
Missing character: There is no y in font nullfont!
Missing character: There is no r in font nullfont!
Missing character: There is no e in font nullfont!
Missing character: There is no f in font nullfont!
Missing character: There is no e in font nullfont!
Missing character: There is no r in font nullfont!
Missing character: There is no s in font nullfont!
Missing character: There is no t in font nullfont!
Missing character: There is no o in font nullfont!
Missing character: There is no b in font nullfont!
Missing character: There is no u in font nullfont!
Missing character: There is no i in font nullfont!
Missing character: There is no l in font nullfont!
Missing character: There is no d in font nullfont!
Missing character: There is no i in font nullfont!
Missing character: There is no n in font nullfont!
Missing character: There is no g in font nullfont!
Missing character: There is no r in font nullfont!
Missing character: There is no a in font nullfont!
Missing character: There is no m in font nullfont!
Missing character: There is no m in font nullfont!
Missing character: There is no e in font nullfont!
Missing character: There is no d in font nullfont!
Missing character: There is no - in font nullfont!
Missing character: There is no e in font nullfont!
Missing character: There is no a in font nullfont!
Missing character: There is no r in font nullfont!
Missing character: There is no t in font nullfont!
Missing character: There is no h in font nullfont!
Missing character: There is no s in font nullfont!
Missing character: There is no t in font nullfont!
Missing character: There is no r in font nullfont!
Missing character: There is no u in font nullfont!
Missing character: There is no c in font nullfont!
Missing character: There is no t in font nullfont!
Missing character: There is no u in font nullfont!
Missing character: There is no r in font nullfont!
Missing character: There is no e in font nullfont!
Missing character: There is no s in font nullfont!
Missing character: There is no a in font nullfont!
Missing character: There is no i in font nullfont!
Missing character: There is no n in font nullfont!
Missing character: There is no p in font nullfont!
Missing character: There is no o in font nullfont!
Missing character: There is no s in font nullfont!
Missing character: There is no t in font nullfont!
Missing character: There is no - in font nullfont!
Missing character: There is no m in font nullfont!
Missing character: There is no o in font nullfont!
Missing character: There is no d in font nullfont!
Missing character: There is no e in font nullfont!
Missing character: There is no r in font nullfont!
Missing character: There is no n in font nullfont!
Missing character: There is no , in font nullfont!
Missing character: There is no E in font nullfont!
Missing character: There is no n in font nullfont!
Missing character: There is no e in font nullfont!
Missing character: There is no r in font nullfont!
Missing character: There is no g in font nullfont!
Missing character: There is no y in font nullfont!
Missing character: There is no - in font nullfont!
Missing character: There is no C in font nullfont!
Missing character: There is no r in font nullfont!
Missing character: There is no i in font nullfont!
Missing character: There is no s in font nullfont!
Missing character: There is no i in font nullfont!
Missing character: There is no s in font nullfont!
Missing character: There is no e in font nullfont!
Missing character: There is no d in font nullfont!
Missing character: There is no c in font nullfont!
Missing character: There is no o in font nullfont!
Missing character: There is no n in font nullfont!
Missing character: There is no t in font nullfont!
Missing character: There is no e in font nullfont!
Missing character: There is no x in font nullfont!
Missing character: There is no t in font nullfont!
Missing character: There is no . in font nullfont!
)
! Emergency stop.
<*> part1.tex
             
*** (job aborted, no legal \end found)

 
Here is how much of TeX's memory you used:
 13 strings out of 494437
 195 string characters out of 6166645
 55353 words of memory out of 5000000
 3454 multiletter control sequences out of 15000+600000
 4294 words of font info for 16 fonts, out of 8000000 for 9000
 319 hyphenation exceptions out of 8191
 20i,4n,21p,668b,176s stack positions out of 5000i,500n,10000p,200000b,80000s
!  ==> Fatal error occurred, no output PDF file produced!
